<?xml version="1.0" encoding="UTF-8"?>
<!-- Generated by org.testng.reporters.JUnitXMLReporter -->
<testsuite ignored="0" hostname="DESKTOP-PEK5UDU" failures="0" tests="4" name="Default test" time="1.385" errors="0" timestamp="2021-06-02T20:17:57 IST">
  <testcase classname="com.aman.selenium.dataprovider.DataProviderWithExcel" name="test2" time="0.014"/>
  <testcase classname="com.aman.selenium.dataprovider.DataProviderWithExcel" name="test2" time="0.004"/>
  <testcase classname="com.aman.selenium.dataprovider.DataProviderWithExcel" name="test2" time="0.004"/>
  <testcase classname="com.aman.selenium.dataprovider.DataProviderWithExcel" name="test2" time="0.004"/>
</testsuite> <!-- Default test -->
