<?xml version="1.0" encoding="UTF-8"?>
<testng-results ignored="0" total="4" passed="4" failed="0" skipped="0">
  <reporter-output>
  </reporter-output>
  <suite started-at="2021-06-02T20:17:56 IST" name="Default suite" finished-at="2021-06-02T20:17:57 IST" duration-ms="1385">
    <groups>
    </groups>
    <test started-at="2021-06-02T20:17:56 IST" name="Default test" finished-at="2021-06-02T20:17:57 IST" duration-ms="1385">
      <class name="com.aman.selenium.dataprovider.DataProviderWithExcel">
        <test-method signature="test2(java.util.Map)[pri:0, instance:com.aman.selenium.dataprovider.DataProviderWithExcel@6f27a732]" started-at="2021-06-02T20:17:57 IST" name="test2" data-provider="getData" finished-at="2021-06-02T20:17:57 IST" duration-ms="14" status="PASS">
          <params>
            <param index="0">
              <value>
                <![CDATA[{fname=Aman, password=May21@21, lname=Sawda, userName=asawda}]]>
              </value>
            </param>
          </params>
          <reporter-output>
          </reporter-output>
        </test-method> <!-- test2 -->
        <test-method signature="test2(java.util.Map)[pri:0, instance:com.aman.selenium.dataprovider.DataProviderWithExcel@6f27a732]" started-at="2021-06-02T20:17:57 IST" name="test2" data-provider="getData" finished-at="2021-06-02T20:17:57 IST" duration-ms="4" status="PASS">
          <params>
            <param index="0">
              <value>
                <![CDATA[{fname=sfsa, password=sfaasfas, lname=safsa, userName=asawda1}]]>
              </value>
            </param>
          </params>
          <reporter-output>
          </reporter-output>
        </test-method> <!-- test2 -->
        <test-method signature="test2(java.util.Map)[pri:0, instance:com.aman.selenium.dataprovider.DataProviderWithExcel@6f27a732]" started-at="2021-06-02T20:17:57 IST" name="test2" data-provider="getData" finished-at="2021-06-02T20:17:57 IST" duration-ms="4" status="PASS">
          <params>
            <param index="0">
              <value>
                <![CDATA[{fname=fs, password=fssa, lname=fsasa, userName=asawda2}]]>
              </value>
            </param>
          </params>
          <reporter-output>
          </reporter-output>
        </test-method> <!-- test2 -->
        <test-method signature="test2(java.util.Map)[pri:0, instance:com.aman.selenium.dataprovider.DataProviderWithExcel@6f27a732]" started-at="2021-06-02T20:17:57 IST" name="test2" data-provider="getData" finished-at="2021-06-02T20:17:57 IST" duration-ms="4" status="PASS">
          <params>
            <param index="0">
              <value>
                <![CDATA[{fname=sfsf, password=sfsf, lname=fsfsfs, userName=sfss}]]>
              </value>
            </param>
          </params>
          <reporter-output>
          </reporter-output>
        </test-method> <!-- test2 -->
      </class> <!-- com.aman.selenium.dataprovider.DataProviderWithExcel -->
    </test> <!-- Default test -->
  </suite> <!-- Default suite -->
</testng-results>
